# JRE version: Java(TM) SE Runtime Environment (19.0.1+10) (build 19.0.1+10-21)
# Java VM: Java HotSpot(TM) 64-Bit Server VM (19.0.1+10-21, mixed mode, sharing, tiered, compressed oops, compressed class ptrs, g1 gc, windows-amd64)
GC Precious Log:
 CardTable entry size: 512
 Card Set container configuration: InlinePtr #cards 5 size 8 Array Of Cards #cards 12 size 40 Howl #buckets 4 coarsen threshold 1843 Howl Bitmap #cards 512 size 80 coarsen threshold 460 Card regions per heap region 1 cards per card region 2048
 CPUs: 8 total, 8 available
 Memory: 7926M
 Large Page Support: Disabled
 NUMA Support: Disabled
 Compressed Oops: Enabled (32-bit)
 Heap Region Size: 1M
 Heap Min Capacity: 8M
 Heap Initial Capacity: 124M
 Heap Max Capacity: 1982M
 Pre-touch: Disabled
 Parallel Workers: 8
 Concurrent Workers: 2
 Concurrent Refinement Workers: 8
 Periodic GC: Disabled
Heap:
 garbage-first heap   total 281600K, used 147008K [0x0000000084200000, 0x0000000100000000)
  region size 1024K, 97 young (99328K), 5 survivors (5120K)
 Metaspace       used 30343K, committed 30848K, reserved 1114112K
  class space    used 3273K, committed 3520K, reserved 1048576K
GC Heap History (20 events):
Event: 1.578 GC heap before
{Heap before GC invocations=1 (full 0):
 garbage-first heap   total 126976K, used 34384K [0x0000000084200000, 0x0000000100000000)
  region size 1024K, 33 young (33792K), 3 survivors (3072K)
 Metaspace       used 9405K, committed 9664K, reserved 1114112K
  class space    used 1094K, committed 1216K, reserved 1048576K
}
Event: 1.586 GC heap after
{Heap after GC invocations=2 (full 0):
 garbage-first heap   total 126976K, used 5188K [0x0000000084200000, 0x0000000100000000)
  region size 1024K, 2 young (2048K), 2 survivors (2048K)
 Metaspace       used 9405K, committed 9664K, reserved 1114112K
  class space    used 1094K, committed 1216K, reserved 1048576K
}
Event: 3.388 GC heap before
{Heap before GC invocations=2 (full 0):
 garbage-first heap   total 126976K, used 78916K [0x0000000084200000, 0x0000000100000000)
  region size 1024K, 74 young (75776K), 2 survivors (2048K)
 Metaspace       used 15838K, committed 16128K, reserved 1114112K
  class space    used 1811K, committed 1920K, reserved 1048576K
}
Event: 3.407 GC heap after
{Heap after GC invocations=3 (full 0):
 garbage-first heap   total 126976K, used 13021K [0x0000000084200000, 0x0000000100000000)
  region size 1024K, 10 young (10240K), 10 survivors (10240K)
 Metaspace       used 15838K, committed 16128K, reserved 1114112K
  class space    used 1811K, committed 1920K, reserved 1048576K
}
Event: 4.465 GC heap before
{Heap before GC invocations=3 (full 0):
 garbage-first heap   total 126976K, used 78557K [0x0000000084200000, 0x0000000100000000)
  region size 1024K, 74 young (75776K), 10 survivors (10240K)
 Metaspace       used 16441K, committed 16640K, reserved 1114112K
  class space    used 1819K, committed 1920K, reserved 1048576K
}
Event: 4.487 GC heap after
{Heap after GC invocations=4 (full 0):
 garbage-first heap   total 126976K, used 16454K [0x0000000084200000, 0x0000000100000000)
  region size 1024K, 4 young (4096K), 4 survivors (4096K)
 Metaspace       used 16441K, committed 16640K, reserved 1114112K
  class space    used 1819K, committed 1920K, reserved 1048576K
}
Event: 5.055 GC heap before
{Heap before GC invocations=4 (full 0):
 garbage-first heap   total 126976K, used 88134K [0x0000000084200000, 0x0000000100000000)
  region size 1024K, 74 young (75776K), 4 survivors (4096K)
 Metaspace       used 16619K, committed 16896K, reserved 1114112K
  class space    used 1820K, committed 1920K, reserved 1048576K
}
Event: 5.063 GC heap after
{Heap after GC invocations=5 (full 0):
 garbage-first heap   total 152576K, used 16759K [0x0000000084200000, 0x0000000100000000)
  region size 1024K, 4 young (4096K), 4 survivors (4096K)
 Metaspace       used 16619K, committed 16896K, reserved 1114112K
  class space    used 1820K, committed 1920K, reserved 1048576K
}
Event: 5.886 GC heap before
{Heap before GC invocations=5 (full 0):
 garbage-first heap   total 152576K, used 103799K [0x0000000084200000, 0x0000000100000000)
  region size 1024K, 89 young (91136K), 4 survivors (4096K)
 Metaspace       used 16799K, committed 17024K, reserved 1114112K
  class space    used 1821K, committed 1920K, reserved 1048576K
}
Event: 5.894 GC heap after
{Heap after GC invocations=6 (full 0):
 garbage-first heap   total 152576K, used 19266K [0x0000000084200000, 0x0000000100000000)
  region size 1024K, 7 young (7168K), 7 survivors (7168K)
 Metaspace       used 16799K, committed 17024K, reserved 1114112K
  class space    used 1821K, committed 1920K, reserved 1048576K
}
Event: 6.504 GC heap before
{Heap before GC invocations=6 (full 0):
 garbage-first heap   total 152576K, used 103234K [0x0000000084200000, 0x0000000100000000)
  region size 1024K, 89 young (91136K), 7 survivors (7168K)
 Metaspace       used 16894K, committed 17152K, reserved 1114112K
  class space    used 1828K, committed 1920K, reserved 1048576K
}
Event: 6.514 GC heap after
{Heap after GC invocations=7 (full 0):
 garbage-first heap   total 152576K, used 20654K [0x0000000084200000, 0x0000000100000000)
  region size 1024K, 5 young (5120K), 5 survivors (5120K)
 Metaspace       used 16894K, committed 17152K, reserved 1114112K
  class space    used 1828K, committed 1920K, reserved 1048576K
}
Event: 8.550 GC heap before
{Heap before GC invocations=7 (full 0):
 garbage-first heap   total 152576K, used 85166K [0x0000000084200000, 0x0000000100000000)
  region size 1024K, 63 young (64512K), 5 survivors (5120K)
 Metaspace       used 21200K, committed 21504K, reserved 1114112K
  class space    used 2300K, committed 2432K, reserved 1048576K
}
Event: 8.563 GC heap after
{Heap after GC invocations=8 (full 0):
 garbage-first heap   total 152576K, used 30515K [0x0000000084200000, 0x0000000100000000)
  region size 1024K, 11 young (11264K), 11 survivors (11264K)
 Metaspace       used 21200K, committed 21504K, reserved 1114112K
  class space    used 2300K, committed 2432K, reserved 1048576K
}
Event: 9.758 GC heap before
{Heap before GC invocations=9 (full 0):
 garbage-first heap   total 109568K, used 86835K [0x0000000084200000, 0x0000000100000000)
  region size 1024K, 64 young (65536K), 11 survivors (11264K)
 Metaspace       used 26740K, committed 27072K, reserved 1114112K
  class space    used 2917K, committed 3072K, reserved 1048576K
}
Event: 9.797 GC heap after
{Heap after GC invocations=10 (full 0):
 garbage-first heap   total 114688K, used 46254K [0x0000000084200000, 0x0000000100000000)
  region size 1024K, 8 young (8192K), 8 survivors (8192K)
 Metaspace       used 26740K, committed 27072K, reserved 1114112K
  class space    used 2917K, committed 3072K, reserved 1048576K
}
Event: 9.801 GC heap before
{Heap before GC invocations=10 (full 0):
 garbage-first heap   total 114688K, used 47278K [0x0000000084200000, 0x0000000100000000)
  region size 1024K, 9 young (9216K), 8 survivors (8192K)
 Metaspace       used 26740K, committed 27072K, reserved 1114112K
  class space    used 2917K, committed 3072K, reserved 1048576K
}
Event: 9.813 GC heap after
{Heap after GC invocations=11 (full 0):
 garbage-first heap   total 114688K, used 48128K [0x0000000084200000, 0x0000000100000000)
  region size 1024K, 2 young (2048K), 2 survivors (2048K)
 Metaspace       used 26740K, committed 27072K, reserved 1114112K
  class space    used 2917K, committed 3072K, reserved 1048576K
}
Event: 10.339 GC heap before
{Heap before GC invocations=11 (full 0):
 garbage-first heap   total 114688K, used 82944K [0x0000000084200000, 0x0000000100000000)
  region size 1024K, 36 young (36864K), 2 survivors (2048K)
 Metaspace       used 27530K, committed 27904K, reserved 1114112K
  class space    used 2976K, committed 3136K, reserved 1048576K
}
Event: 10.355 GC heap after
{Heap after GC invocations=12 (full 0):
 garbage-first heap   total 281600K, used 54848K [0x0000000084200000, 0x0000000100000000)
  region size 1024K, 5 young (5120K), 5 survivors (5120K)
 Metaspace       used 27530K, committed 27904K, reserved 1114112K
  class space    used 2976K, committed 3136K, reserved 1048576K
}

